[debug] [2022-01-12T01:53:42.020Z] ----------------------------------------------------------------------
[debug] [2022-01-12T01:53:42.022Z] Command:       C:\Program Files\nodejs\node.exe C:\Users\ADMIN\AppData\Roaming\npm\node_modules\firebase-tools\lib\bin\firebase.js serve
[debug] [2022-01-12T01:53:42.022Z] CLI Version:   9.11.0
[debug] [2022-01-12T01:53:42.022Z] Platform:      win32
[debug] [2022-01-12T01:53:42.022Z] Node Version:  v12.0.0
[debug] [2022-01-12T01:53:42.026Z] Time:          Wed Jan 12 2022 08:53:42 GMT+0700 (Indochina Time)
[debug] [2022-01-12T01:53:42.026Z] ----------------------------------------------------------------------
[debug] 
[debug] [2022-01-12T01:53:42.035Z] >>> [apiv2][query] GET https://firebase-public.firebaseio.com/cli.json [none]
[debug] [2022-01-12T01:53:42.067Z] > command requires scopes: ["email","openid","https://www.googleapis.com/auth/cloudplatformprojects.readonly","https://www.googleapis.com/auth/firebase","https://www.googleapis.com/auth/cloud-platform"]
[debug] [2022-01-12T01:53:42.067Z] > authorizing via signed-in user (duc25092000@gmail.com)
[debug] [2022-01-12T01:53:42.067Z] [iam] checking project fe-mot for permissions ["firebase.projects.get"]
[debug] [2022-01-12T01:53:42.068Z] > refreshing access token with scopes: ["email","https://www.googleapis.com/auth/cloud-platform","https://www.googleapis.com/auth/cloudplatformprojects.readonly","https://www.googleapis.com/auth/firebase","openid"]
[debug] [2022-01-12T01:53:42.068Z] >>> HTTP REQUEST POST https://www.googleapis.com/oauth2/v3/token  
 <request body omitted>
[debug] [2022-01-12T01:53:42.385Z] <<< HTTP RESPONSE 200 {"pragma":"no-cache","expires":"Mon, 01 Jan 1990 00:00:00 GMT","date":"Wed, 12 Jan 2022 01:53:42 GMT","cache-control":"no-cache, no-store, max-age=0, must-revalidate","content-type":"application/json; charset=utf-8","vary":"X-Origin, Referer, Origin,Accept-Encoding","server":"scaffolding on HTTPServer2","x-xss-protection":"0","x-frame-options":"SAMEORIGIN","x-content-type-options":"nosniff","alt-svc":"h3=\":443\"; ma=2592000,h3-29=\":443\"; ma=2592000,h3-Q050=\":443\"; ma=2592000,h3-Q046=\":443\"; ma=2592000,h3-Q043=\":443\"; ma=2592000,quic=\":443\"; ma=2592000; v=\"46,43\"","accept-ranges":"none","transfer-encoding":"chunked"}
[debug] [2022-01-12T01:53:42.402Z] >>> HTTP REQUEST POST https://cloudresourcemanager.googleapis.com/v1/projects/fe-mot:testIamPermissions  
 {"permissions":["firebase.projects.get"]}
[debug] [2022-01-12T01:53:42.968Z] <<< [apiv2][status] GET https://firebase-public.firebaseio.com/cli.json 200
[debug] [2022-01-12T01:53:42.968Z] <<< [apiv2][body] GET https://firebase-public.firebaseio.com/cli.json {"cloudBuildErrorAfter":1594252800000,"cloudBuildWarnAfter":1590019200000,"defaultNode10After":1594252800000,"minVersion":"3.0.5","node8DeploysDisabledAfter":1613390400000,"node8RuntimeDisabledAfter":1615809600000,"node8WarnAfter":1600128000000}
[debug] [2022-01-12T01:53:43.928Z] <<< HTTP RESPONSE 200 {"content-type":"application/json; charset=UTF-8","vary":"X-Origin, Referer, Origin,Accept-Encoding","date":"Wed, 12 Jan 2022 01:53:44 GMT","server":"ESF","cache-control":"private","x-xss-protection":"0","x-frame-options":"SAMEORIGIN","x-content-type-options":"nosniff","server-timing":"gfet4t7; dur=824","alt-svc":"h3=\":443\"; ma=2592000,h3-29=\":443\"; ma=2592000,h3-Q050=\":443\"; ma=2592000,h3-Q046=\":443\"; ma=2592000,h3-Q043=\":443\"; ma=2592000,quic=\":443\"; ma=2592000; v=\"46,43\"","accept-ranges":"none","transfer-encoding":"chunked"}
[debug] [2022-01-12T01:53:43.929Z] > refreshing access token with scopes: []
[debug] [2022-01-12T01:53:43.929Z] >>> HTTP REQUEST POST https://www.googleapis.com/oauth2/v3/token  
 <request body omitted>
[debug] [2022-01-12T01:53:44.138Z] <<< HTTP RESPONSE 200 {"date":"Wed, 12 Jan 2022 01:53:44 GMT","pragma":"no-cache","cache-control":"no-cache, no-store, max-age=0, must-revalidate","expires":"Mon, 01 Jan 1990 00:00:00 GMT","content-type":"application/json; charset=utf-8","vary":"X-Origin, Referer, Origin,Accept-Encoding","server":"scaffolding on HTTPServer2","x-xss-protection":"0","x-frame-options":"SAMEORIGIN","x-content-type-options":"nosniff","alt-svc":"h3=\":443\"; ma=2592000,h3-29=\":443\"; ma=2592000,h3-Q050=\":443\"; ma=2592000,h3-Q046=\":443\"; ma=2592000,h3-Q043=\":443\"; ma=2592000,quic=\":443\"; ma=2592000; v=\"46,43\"","accept-ranges":"none","transfer-encoding":"chunked"}
[debug] [2022-01-12T01:53:44.151Z] >>> [apiv2][query] GET https://firebase.googleapis.com/v1beta1/projects/fe-mot [none]
[debug] [2022-01-12T01:53:44.838Z] <<< [apiv2][status] GET https://firebase.googleapis.com/v1beta1/projects/fe-mot 200
[debug] [2022-01-12T01:53:44.838Z] <<< [apiv2][body] GET https://firebase.googleapis.com/v1beta1/projects/fe-mot {"projectId":"fe-mot","projectNumber":"370657780514","displayName":"FE-MOT","name":"projects/fe-mot","resources":{"hostingSite":"fe-mot"},"state":"ACTIVE"}
[info] 
[info] === Serving from 'C:\Users\ADMIN\Desktop\ReactJS-ecommerce-template-master'...
[info] 
[debug] [2022-01-12T01:53:44.841Z] >>> [apiv2][query] GET https://firebasehosting.googleapis.com/v1beta1/projects/fe-mot/sites 
[debug] [2022-01-12T01:53:46.168Z] <<< [apiv2][status] GET https://firebasehosting.googleapis.com/v1beta1/projects/fe-mot/sites 200
[debug] [2022-01-12T01:53:46.168Z] <<< [apiv2][body] GET https://firebasehosting.googleapis.com/v1beta1/projects/fe-mot/sites {"sites":[{"name":"projects/370657780514/sites/fe-mot","defaultUrl":"https://fe-mot.web.app","type":"DEFAULT_SITE"}]}
[debug] [2022-01-12T01:53:46.168Z] >>> [apiv2][query] GET https://firebase.googleapis.com/v1beta1/projects/fe-mot/webApps/-/config [none]
[debug] [2022-01-12T01:53:46.948Z] <<< [apiv2][status] GET https://firebase.googleapis.com/v1beta1/projects/fe-mot/webApps/-/config 200
[debug] [2022-01-12T01:53:46.948Z] <<< [apiv2][body] GET https://firebase.googleapis.com/v1beta1/projects/fe-mot/webApps/-/config {"projectId":"fe-mot","storageBucket":"fe-mot.appspot.com","apiKey":"AIzaSyDyhX8iuRGmV7pq3qzlOrw5VW2AjaHEAxA","authDomain":"fe-mot.firebaseapp.com","messagingSenderId":"370657780514"}
[info] i  hosting: Serving hosting files from: build {"metadata":{"emulator":{"name":"hosting"},"message":"Serving hosting files from: \u001b[1mbuild\u001b[22m"}}
[info] +  hosting: Local server: http://localhost:5000 {"metadata":{"emulator":{"name":"hosting"},"message":"Local server: \u001b[4m\u001b[1mhttp://localhost:5000\u001b[22m\u001b[24m"}}
